android/app/build/intermediates/manifest_merge_blame_file/release/manifest-merger-blame-release-report.txt
1<?xml version="1.0" encoding="utf-8"?>
2<manifest xmlns:android="http://schemas.android.com/apk/res/android"
3    package="com.sixamtech.stackfooduser"
4    android:versionCode="1"
5    android:versionName="1.0.0" >
6
7    <uses-sdk
8        android:minSdkVersion="23"
9        android:targetSdkVersion="34" />
10    <!--
11         io.flutter.app.FlutterApplication is an android.app.Application that
12         calls FlutterMain.startInitialization(this); in its onCreate method.
13         In most cases you can leave this as-is, but you if you want to provide
14         additional functionality it is fine to subclass or reimplement
15         FlutterApplication and put your custom class here.
16    -->
17    <uses-permission android:name="android.permission.INTERNET" />
17-->src\main\AndroidManifest.xml:8:5-66
17-->src\main\AndroidManifest.xml:8:22-64
18    <uses-permission android:name="android.permission.ACCESS_FINE_LOCATION" />
18-->src\main\AndroidManifest.xml:9:5-79
18-->src\main\AndroidManifest.xml:9:22-76
19    <uses-permission android:name="android.permission.ACCESS_COARSE_LOCATION" />
19-->src\main\AndroidManifest.xml:10:5-81
19-->src\main\AndroidManifest.xml:10:22-78
20    <uses-permission android:name="android.permission.READ_EXTERNAL_STORAGE" />
20-->src\main\AndroidManifest.xml:11:5-79
20-->src\main\AndroidManifest.xml:11:22-77
21    <uses-permission android:name="android.permission.WRITE_EXTERNAL_STORAGE" />
21-->src\main\AndroidManifest.xml:12:5-80
21-->src\main\AndroidManifest.xml:12:22-78
22
23    <queries>
23-->src\main\AndroidManifest.xml:14:5-27:15
24        <intent>
24-->src\main\AndroidManifest.xml:15:9-18:18
25            <action android:name="android.intent.action.VIEW" />
25-->src\main\AndroidManifest.xml:16:13-65
25-->src\main\AndroidManifest.xml:16:21-62
26
27            <data android:scheme="https" />
27-->src\main\AndroidManifest.xml:17:13-44
27-->src\main\AndroidManifest.xml:17:19-41
28        </intent>
29        <intent>
29-->src\main\AndroidManifest.xml:19:9-22:18
30            <action android:name="android.intent.action.DIAL" />
30-->src\main\AndroidManifest.xml:20:13-65
30-->src\main\AndroidManifest.xml:20:21-62
31
32            <data android:scheme="tel" />
32-->src\main\AndroidManifest.xml:17:13-44
32-->src\main\AndroidManifest.xml:17:19-41
33        </intent>
34        <intent>
34-->src\main\AndroidManifest.xml:23:9-26:18
35            <action android:name="android.intent.action.SEND" />
35-->src\main\AndroidManifest.xml:24:13-65
35-->src\main\AndroidManifest.xml:24:21-62
36
37            <data android:mimeType="*/*" />
37-->src\main\AndroidManifest.xml:17:13-44
37-->src\main\AndroidManifest.xml:25:19-41
38        </intent>
39
40        <package android:name="com.facebook.katana" />
40-->[com.facebook.android:facebook-common:18.0.3] AndroidManifest.xml:16:9-55
40-->[com.facebook.android:facebook-common:18.0.3] AndroidManifest.xml:16:18-52
41
42        <intent>
42-->[:flutter_inappwebview_android] AndroidManifest.xml:8:9-10:18
43            <action android:name="android.support.customtabs.action.CustomTabsService" />
43-->[:flutter_inappwebview_android] AndroidManifest.xml:9:13-90
43-->[:flutter_inappwebview_android] AndroidManifest.xml:9:21-87
44        </intent>
45        <intent>
45-->[:file_picker] AndroidManifest.xml:8:9-12:18
46            <action android:name="android.intent.action.GET_CONTENT" />
46-->[:file_picker] AndroidManifest.xml:9:13-72
46-->[:file_picker] AndroidManifest.xml:9:21-69
47
48            <data android:mimeType="*/*" />
48-->src\main\AndroidManifest.xml:17:13-44
48-->src\main\AndroidManifest.xml:25:19-41
49        </intent> <!-- Needs to be explicitly declared on Android R+ -->
50        <package android:name="com.google.android.apps.maps" />
50-->[com.google.android.gms:play-services-maps:18.2.0] AndroidManifest.xml:33:9-64
50-->[com.google.android.gms:play-services-maps:18.2.0] AndroidManifest.xml:33:18-61
51    </queries>
52
53    <uses-permission android:name="com.google.android.gms.permission.AD_ID" /> <!-- Support for Google Privacy Sandbox adservices API -->
53-->[com.facebook.android:facebook-core:18.0.3] AndroidManifest.xml:14:5-79
53-->[com.facebook.android:facebook-core:18.0.3] AndroidManifest.xml:14:22-76
54    <uses-permission android:name="android.permission.ACCESS_ADSERVICES_ATTRIBUTION" />
54-->[com.facebook.android:facebook-core:18.0.3] AndroidManifest.xml:16:5-88
54-->[com.facebook.android:facebook-core:18.0.3] AndroidManifest.xml:16:22-85
55    <uses-permission android:name="android.permission.ACCESS_ADSERVICES_AD_ID" />
55-->[com.facebook.android:facebook-core:18.0.3] AndroidManifest.xml:17:5-82
55-->[com.facebook.android:facebook-core:18.0.3] AndroidManifest.xml:17:22-79
56    <uses-permission android:name="android.permission.ACCESS_ADSERVICES_CUSTOM_AUDIENCE" />
56-->[com.facebook.android:facebook-core:18.0.3] AndroidManifest.xml:18:5-92
56-->[com.facebook.android:facebook-core:18.0.3] AndroidManifest.xml:18:22-89
57    <uses-permission android:name="android.permission.ACCESS_ADSERVICES_TOPICS" />
57-->[com.facebook.android:facebook-core:18.0.3] AndroidManifest.xml:19:5-83
57-->[com.facebook.android:facebook-core:18.0.3] AndroidManifest.xml:19:22-80
58    <uses-permission android:name="android.permission.VIBRATE" />
58-->[:flutter_local_notifications] AndroidManifest.xml:7:5-66
58-->[:flutter_local_notifications] AndroidManifest.xml:7:22-63
59    <uses-permission android:name="android.permission.POST_NOTIFICATIONS" />
59-->[:flutter_local_notifications] AndroidManifest.xml:8:5-77
59-->[:flutter_local_notifications] AndroidManifest.xml:8:22-74
60    <uses-permission android:name="android.permission.ACCESS_NETWORK_STATE" />
60-->[:connectivity_plus] AndroidManifest.xml:7:5-79
60-->[:connectivity_plus] AndroidManifest.xml:7:22-76
61    <uses-permission android:name="android.permission.WAKE_LOCK" />
61-->[:firebase_messaging] AndroidManifest.xml:8:5-68
61-->[:firebase_messaging] AndroidManifest.xml:8:22-65
62
63    <uses-feature
63-->[com.google.android.gms:play-services-maps:18.2.0] AndroidManifest.xml:26:5-28:35
64        android:glEsVersion="0x00020000"
64-->[com.google.android.gms:play-services-maps:18.2.0] AndroidManifest.xml:27:9-41
65        android:required="true" /> <!-- Required by older versions of Google Play services to create IID tokens -->
65-->[com.google.android.gms:play-services-maps:18.2.0] AndroidManifest.xml:28:9-32
66    <uses-permission android:name="com.google.android.c2dm.permission.RECEIVE" />
66-->[com.google.firebase:firebase-messaging:24.1.1] AndroidManifest.xml:26:5-82
66-->[com.google.firebase:firebase-messaging:24.1.1] AndroidManifest.xml:26:22-79
67    <uses-permission android:name="com.google.android.providers.gsf.permission.READ_GSERVICES" />
67-->[com.google.android.recaptcha:recaptcha:18.6.1] AndroidManifest.xml:9:5-98
67-->[com.google.android.recaptcha:recaptcha:18.6.1] AndroidManifest.xml:9:22-95
68
69    <permission
69-->[androidx.core:core:1.13.1] AndroidManifest.xml:22:5-24:47
70        android:name="com.sixamtech.stackfooduser.DYNAMIC_RECEIVER_NOT_EXPORTED_PERMISSION"
70-->[androidx.core:core:1.13.1] AndroidManifest.xml:23:9-81
71        android:protectionLevel="signature" />
71-->[androidx.core:core:1.13.1] AndroidManifest.xml:24:9-44
72
73    <uses-permission android:name="com.sixamtech.stackfooduser.DYNAMIC_RECEIVER_NOT_EXPORTED_PERMISSION" />
73-->[androidx.core:core:1.13.1] AndroidManifest.xml:26:5-97
73-->[androidx.core:core:1.13.1] AndroidManifest.xml:26:22-94
74    <uses-permission android:name="com.google.android.finsky.permission.BIND_GET_INSTALL_REFERRER_SERVICE" />
74-->[com.android.installreferrer:installreferrer:1.0] AndroidManifest.xml:9:5-110
74-->[com.android.installreferrer:installreferrer:1.0] AndroidManifest.xml:9:22-107
75
76    <application
77        android:name="android.app.Application"
77-->src\main\AndroidManifest.xml:31:9-42
78        android:appComponentFactory="androidx.core.app.CoreComponentFactory"
78-->[androidx.core:core:1.13.1] AndroidManifest.xml:28:18-86
79        android:extractNativeLibs="true"
79-->src\main\AndroidManifest.xml:32:9-41
80        android:icon="@mipmap/ic_launcher"
80-->src\main\AndroidManifest.xml:35:9-43
81        android:label="StackFood"
81-->src\main\AndroidManifest.xml:30:9-34
82        android:requestLegacyExternalStorage="true"
82-->src\main\AndroidManifest.xml:33:9-52
83        android:supportsRtl="true"
83-->[com.facebook.android:facebook-android-sdk:18.0.3] AndroidManifest.xml:14:18-44
84        android:usesCleartextTraffic="true" >
84-->src\main\AndroidManifest.xml:34:9-44
85        <meta-data
85-->src\main\AndroidManifest.xml:36:9-37:70
86            android:name="com.google.android.geo.API_KEY"
86-->src\main\AndroidManifest.xml:36:20-65
87            android:value="AIzaSyDUDEfxlI5sfTaeN-wOKphkht1ma2kgalY" />
87-->src\main\AndroidManifest.xml:37:13-68
88
89        <activity
89-->src\main\AndroidManifest.xml:39:9-83:20
90            android:name="com.sixamtech.stackfooduser.MainActivity"
90-->src\main\AndroidManifest.xml:40:13-41
91            android:configChanges="orientation|keyboardHidden|keyboard|screenSize|smallestScreenSize|locale|layoutDirection|fontScale|screenLayout|density|uiMode"
91-->src\main\AndroidManifest.xml:43:13-163
92            android:exported="true"
92-->src\main\AndroidManifest.xml:45:13-36
93            android:hardwareAccelerated="true"
93-->src\main\AndroidManifest.xml:44:13-47
94            android:launchMode="singleTop"
94-->src\main\AndroidManifest.xml:41:13-43
95            android:theme="@style/LaunchTheme"
95-->src\main\AndroidManifest.xml:42:13-47
96            android:windowSoftInputMode="adjustResize" >
96-->src\main\AndroidManifest.xml:46:13-55
97
98            <!--
99                 Specifies an Android theme to apply to this Activity as soon as
100                 the Android process has started. This theme is visible to the user
101                 while the Flutter UI initializes. After that, this theme continues
102                 to determine the Window background behind the Flutter UI.
103            -->
104            <meta-data
104-->src\main\AndroidManifest.xml:51:13-54:17
105                android:name="io.flutter.embedding.android.NormalTheme"
105-->src\main\AndroidManifest.xml:52:15-70
106                android:resource="@style/NormalTheme" />
106-->src\main\AndroidManifest.xml:53:15-52
107            <!--
108                 Displays an Android View that continues showing the launch screen
109                 Drawable until Flutter paints its first frame, then this splash
110                 screen fades out. A splash screen is useful to avoid any visual
111                 gap between the end of Android's launch screen and the painting of
112                 Flutter's first frame.
113            -->
114            <meta-data
114-->src\main\AndroidManifest.xml:60:13-62:45
115                android:name="com.google.firebase.messaging.default_notification_channel_id"
115-->src\main\AndroidManifest.xml:61:17-93
116                android:value="stackfood" />
116-->src\main\AndroidManifest.xml:62:17-42
117
118            <intent-filter>
118-->src\main\AndroidManifest.xml:63:13-66:29
119                <action android:name="android.intent.action.MAIN" />
119-->src\main\AndroidManifest.xml:64:17-68
119-->src\main\AndroidManifest.xml:64:25-66
120
121                <category android:name="android.intent.category.LAUNCHER" />
121-->src\main\AndroidManifest.xml:65:17-76
121-->src\main\AndroidManifest.xml:65:27-74
122            </intent-filter>
123            <intent-filter>
123-->src\main\AndroidManifest.xml:67:13-70:29
124                <action android:name="FLUTTER_NOTIFICATION_CLICK" />
124-->src\main\AndroidManifest.xml:68:17-69
124-->src\main\AndroidManifest.xml:68:25-66
125
126                <category android:name="android.intent.category.DEFAULT" />
126-->src\main\AndroidManifest.xml:69:17-76
126-->src\main\AndroidManifest.xml:69:27-73
127            </intent-filter>
128
129            <!-- Deep Links -->
130            <intent-filter>
130-->src\main\AndroidManifest.xml:73:13-81:29
131                <action android:name="android.intent.action.VIEW" />
131-->src\main\AndroidManifest.xml:16:13-65
131-->src\main\AndroidManifest.xml:16:21-62
132
133                <category android:name="android.intent.category.DEFAULT" />
133-->src\main\AndroidManifest.xml:69:17-76
133-->src\main\AndroidManifest.xml:69:27-73
134                <category android:name="android.intent.category.BROWSABLE" />
134-->src\main\AndroidManifest.xml:76:17-78
134-->src\main\AndroidManifest.xml:76:27-75
135                <!-- Accepts URIs that begin with YOUR_SCHEME://YOUR_HOST -->
136                <data
136-->src\main\AndroidManifest.xml:17:13-44
137                    android:host="stackfood.com"
137-->src\main\AndroidManifest.xml:80:21-49
138                    android:scheme="StackFood" />
138-->src\main\AndroidManifest.xml:17:19-41
139            </intent-filter>
140        </activity>
141        <!--
142             Don't delete the meta-data below.
143             This is used by the Flutter tool to generate GeneratedPluginRegistrant.java
144        -->
145        <meta-data
145-->src\main\AndroidManifest.xml:86:9-88:33
146            android:name="flutterEmbedding"
146-->src\main\AndroidManifest.xml:87:13-44
147            android:value="2" />
147-->src\main\AndroidManifest.xml:88:13-30
148        <meta-data
148-->src\main\AndroidManifest.xml:89:9-107
149            android:name="com.facebook.sdk.ApplicationId"
149-->src\main\AndroidManifest.xml:89:20-65
150            android:value="@string/facebook_app_id" />
150-->src\main\AndroidManifest.xml:89:66-105
151        <meta-data
151-->src\main\AndroidManifest.xml:90:9-111
152            android:name="com.facebook.sdk.ClientToken"
152-->src\main\AndroidManifest.xml:90:20-63
153            android:value="@string/facebook_client_token" />
153-->src\main\AndroidManifest.xml:90:64-109
154
155        <activity
155-->src\main\AndroidManifest.xml:93:9-96:48
156            android:name="com.facebook.FacebookActivity"
156-->src\main\AndroidManifest.xml:93:19-63
157            android:configChanges="keyboard|keyboardHidden|screenLayout|screenSize|orientation"
157-->src\main\AndroidManifest.xml:94:13-113
158            android:label="@string/app_name"
158-->src\main\AndroidManifest.xml:96:13-45
159            android:theme="@style/com_facebook_activity_theme" />
159-->[com.facebook.android:facebook-common:18.0.3] AndroidManifest.xml:23:13-63
160        <activity
160-->src\main\AndroidManifest.xml:97:9-106:20
161            android:name="com.facebook.CustomTabActivity"
161-->src\main\AndroidManifest.xml:98:13-58
162            android:exported="true" >
162-->src\main\AndroidManifest.xml:99:13-36
163            <intent-filter>
163-->src\main\AndroidManifest.xml:100:13-105:29
164                <action android:name="android.intent.action.VIEW" />
164-->src\main\AndroidManifest.xml:16:13-65
164-->src\main\AndroidManifest.xml:16:21-62
165
166                <category android:name="android.intent.category.DEFAULT" />
166-->src\main\AndroidManifest.xml:69:17-76
166-->src\main\AndroidManifest.xml:69:27-73
167                <category android:name="android.intent.category.BROWSABLE" />
167-->src\main\AndroidManifest.xml:76:17-78
167-->src\main\AndroidManifest.xml:76:27-75
168
169                <data android:scheme="@string/fb_login_protocol_scheme" />
169-->src\main\AndroidManifest.xml:17:13-44
169-->src\main\AndroidManifest.xml:17:19-41
170            </intent-filter>
171            <intent-filter>
171-->[com.facebook.android:facebook-common:18.0.3] AndroidManifest.xml:29:13-38:29
172                <action android:name="android.intent.action.VIEW" />
172-->src\main\AndroidManifest.xml:16:13-65
172-->src\main\AndroidManifest.xml:16:21-62
173
174                <category android:name="android.intent.category.DEFAULT" />
174-->src\main\AndroidManifest.xml:69:17-76
174-->src\main\AndroidManifest.xml:69:27-73
175                <category android:name="android.intent.category.BROWSABLE" />
175-->src\main\AndroidManifest.xml:76:17-78
175-->src\main\AndroidManifest.xml:76:27-75
176
177                <data
177-->src\main\AndroidManifest.xml:17:13-44
178                    android:host="cct.com.sixamtech.stackfooduser"
178-->src\main\AndroidManifest.xml:80:21-49
179                    android:scheme="fbconnect" />
179-->src\main\AndroidManifest.xml:17:19-41
180            </intent-filter>
181        </activity>
182        <activity
182-->src\main\AndroidManifest.xml:107:9-119:20
183            android:name="com.aboutyou.dart_packages.sign_in_with_apple.SignInWithAppleCallback"
183-->src\main\AndroidManifest.xml:108:13-97
184            android:exported="true" >
184-->src\main\AndroidManifest.xml:109:13-36
185            <intent-filter>
185-->src\main\AndroidManifest.xml:111:13-118:29
186                <action android:name="android.intent.action.VIEW" />
186-->src\main\AndroidManifest.xml:16:13-65
186-->src\main\AndroidManifest.xml:16:21-62
187
188                <category android:name="android.intent.category.DEFAULT" />
188-->src\main\AndroidManifest.xml:69:17-76
188-->src\main\AndroidManifest.xml:69:27-73
189                <category android:name="android.intent.category.BROWSABLE" />
189-->src\main\AndroidManifest.xml:76:17-78
189-->src\main\AndroidManifest.xml:76:27-75
190
191                <data android:scheme="signinwithapple" />
191-->src\main\AndroidManifest.xml:17:13-44
191-->src\main\AndroidManifest.xml:17:19-41
192                <data android:path="callback" />
192-->src\main\AndroidManifest.xml:17:13-44
192-->src\main\AndroidManifest.xml:117:23-46
193            </intent-filter>
194        </activity>
195
196        <service
196-->[:location] AndroidManifest.xml:11:9-15:56
197            android:name="com.lyokone.location.FlutterLocationService"
197-->[:location] AndroidManifest.xml:12:13-71
198            android:enabled="true"
198-->[:location] AndroidManifest.xml:13:13-35
199            android:exported="false"
199-->[:location] AndroidManifest.xml:14:13-37
200            android:foregroundServiceType="location" />
200-->[:location] AndroidManifest.xml:15:13-53
201        <!--
202           Declares a provider which allows us to store files to share in
203           '.../caches/share_plus' and grant the receiving action access
204        -->
205        <provider
205-->[:share_plus] AndroidManifest.xml:13:9-21:20
206            android:name="dev.fluttercommunity.plus.share.ShareFileProvider"
206-->[:share_plus] AndroidManifest.xml:14:13-77
207            android:authorities="com.sixamtech.stackfooduser.flutter.share_provider"
207-->[:share_plus] AndroidManifest.xml:15:13-74
208            android:exported="false"
208-->[:share_plus] AndroidManifest.xml:16:13-37
209            android:grantUriPermissions="true" >
209-->[:share_plus] AndroidManifest.xml:17:13-47
210            <meta-data
210-->[:share_plus] AndroidManifest.xml:18:13-20:68
211                android:name="android.support.FILE_PROVIDER_PATHS"
211-->[:share_plus] AndroidManifest.xml:19:17-67
212                android:resource="@xml/flutter_share_file_paths" />
212-->[:share_plus] AndroidManifest.xml:20:17-65
213        </provider>
214        <!--
215           This manifest declared broadcast receiver allows us to use an explicit
216           Intent when creating a PendingItent to be informed of the user's choice
217        -->
218        <receiver
218-->[:share_plus] AndroidManifest.xml:26:9-32:20
219            android:name="dev.fluttercommunity.plus.share.SharePlusPendingIntent"
219-->[:share_plus] AndroidManifest.xml:27:13-82
220            android:exported="false" >
220-->[:share_plus] AndroidManifest.xml:28:13-37
221            <intent-filter>
221-->[:share_plus] AndroidManifest.xml:29:13-31:29
222                <action android:name="EXTRA_CHOSEN_COMPONENT" />
222-->[:share_plus] AndroidManifest.xml:30:17-65
222-->[:share_plus] AndroidManifest.xml:30:25-62
223            </intent-filter>
224        </receiver>
225
226        <activity android:name="com.facebook.CustomTabMainActivity" />
226-->[com.facebook.android:facebook-common:18.0.3] AndroidManifest.xml:24:9-71
226-->[com.facebook.android:facebook-common:18.0.3] AndroidManifest.xml:24:19-68
227        <!--
228         The initialization ContentProvider will call FacebookSdk.sdkInitialize automatically
229         with the application context. This config is merged in with the host app's manifest,
230         but there can only be one provider with the same authority activated at any given
231         point; so if the end user has two or more different apps that use Facebook SDK, only the
232         first one will be able to use the provider. To work around this problem, we use the
233         following placeholder in the authority to identify each host application as if it was
234         a completely different provider.
235        -->
236        <provider
236-->[com.facebook.android:facebook-core:18.0.3] AndroidManifest.xml:32:9-35:40
237            android:name="com.facebook.internal.FacebookInitProvider"
237-->[com.facebook.android:facebook-core:18.0.3] AndroidManifest.xml:33:13-70
238            android:authorities="com.sixamtech.stackfooduser.FacebookInitProvider"
238-->[com.facebook.android:facebook-core:18.0.3] AndroidManifest.xml:34:13-72
239            android:exported="false" />
239-->[com.facebook.android:facebook-core:18.0.3] AndroidManifest.xml:35:13-37
240
241        <receiver
241-->[com.facebook.android:facebook-core:18.0.3] AndroidManifest.xml:37:9-43:20
242            android:name="com.facebook.CurrentAccessTokenExpirationBroadcastReceiver"
242-->[com.facebook.android:facebook-core:18.0.3] AndroidManifest.xml:38:13-86
243            android:exported="false" >
243-->[com.facebook.android:facebook-core:18.0.3] AndroidManifest.xml:39:13-37
244            <intent-filter>
244-->[com.facebook.android:facebook-core:18.0.3] AndroidManifest.xml:40:13-42:29
245                <action android:name="com.facebook.sdk.ACTION_CURRENT_ACCESS_TOKEN_CHANGED" />
245-->[com.facebook.android:facebook-core:18.0.3] AndroidManifest.xml:41:17-95
245-->[com.facebook.android:facebook-core:18.0.3] AndroidManifest.xml:41:25-92
246            </intent-filter>
247        </receiver>
248        <receiver
248-->[com.facebook.android:facebook-core:18.0.3] AndroidManifest.xml:44:9-50:20
249            android:name="com.facebook.AuthenticationTokenManager$CurrentAuthenticationTokenChangedBroadcastReceiver"
249-->[com.facebook.android:facebook-core:18.0.3] AndroidManifest.xml:45:13-118
250            android:exported="false" >
250-->[com.facebook.android:facebook-core:18.0.3] AndroidManifest.xml:46:13-37
251            <intent-filter>
251-->[com.facebook.android:facebook-core:18.0.3] AndroidManifest.xml:47:13-49:29
252                <action android:name="com.facebook.sdk.ACTION_CURRENT_AUTHENTICATION_TOKEN_CHANGED" />
252-->[com.facebook.android:facebook-core:18.0.3] AndroidManifest.xml:48:17-103
252-->[com.facebook.android:facebook-core:18.0.3] AndroidManifest.xml:48:25-100
253            </intent-filter>
254        </receiver>
255
256        <activity
256-->[:flutter_inappwebview_android] AndroidManifest.xml:14:9-18:47
257            android:name="com.pichillilorenzo.flutter_inappwebview_android.in_app_browser.InAppBrowserActivity"
257-->[:flutter_inappwebview_android] AndroidManifest.xml:15:13-112
258            android:configChanges="orientation|keyboardHidden|keyboard|screenSize|locale|layoutDirection|fontScale|screenLayout|density"
258-->[:flutter_inappwebview_android] AndroidManifest.xml:16:13-137
259            android:exported="false"
259-->[:flutter_inappwebview_android] AndroidManifest.xml:17:13-37
260            android:theme="@style/AppTheme" />
260-->[:flutter_inappwebview_android] AndroidManifest.xml:18:13-44
261        <activity
261-->[:flutter_inappwebview_android] AndroidManifest.xml:19:9-22:55
262            android:name="com.pichillilorenzo.flutter_inappwebview_android.chrome_custom_tabs.ChromeCustomTabsActivity"
262-->[:flutter_inappwebview_android] AndroidManifest.xml:20:13-120
263            android:exported="false"
263-->[:flutter_inappwebview_android] AndroidManifest.xml:21:13-37
264            android:theme="@style/ThemeTransparent" />
264-->[:flutter_inappwebview_android] AndroidManifest.xml:22:13-52
265        <activity
265-->[:flutter_inappwebview_android] AndroidManifest.xml:23:9-26:55
266            android:name="com.pichillilorenzo.flutter_inappwebview_android.chrome_custom_tabs.TrustedWebActivity"
266-->[:flutter_inappwebview_android] AndroidManifest.xml:24:13-114
267            android:exported="false"
267-->[:flutter_inappwebview_android] AndroidManifest.xml:25:13-37
268            android:theme="@style/ThemeTransparent" />
268-->[:flutter_inappwebview_android] AndroidManifest.xml:26:13-52
269        <activity
269-->[:flutter_inappwebview_android] AndroidManifest.xml:27:9-31:55
270            android:name="com.pichillilorenzo.flutter_inappwebview_android.chrome_custom_tabs.ChromeCustomTabsActivitySingleInstance"
270-->[:flutter_inappwebview_android] AndroidManifest.xml:28:13-134
271            android:exported="false"
271-->[:flutter_inappwebview_android] AndroidManifest.xml:29:13-37
272            android:launchMode="singleInstance"
272-->[:flutter_inappwebview_android] AndroidManifest.xml:30:13-48
273            android:theme="@style/ThemeTransparent" />
273-->[:flutter_inappwebview_android] AndroidManifest.xml:31:13-52
274        <activity
274-->[:flutter_inappwebview_android] AndroidManifest.xml:32:9-36:55
275            android:name="com.pichillilorenzo.flutter_inappwebview_android.chrome_custom_tabs.TrustedWebActivitySingleInstance"
275-->[:flutter_inappwebview_android] AndroidManifest.xml:33:13-128
276            android:exported="false"
276-->[:flutter_inappwebview_android] AndroidManifest.xml:34:13-37
277            android:launchMode="singleInstance"
277-->[:flutter_inappwebview_android] AndroidManifest.xml:35:13-48
278            android:theme="@style/ThemeTransparent" />
278-->[:flutter_inappwebview_android] AndroidManifest.xml:36:13-52
279
280        <receiver
280-->[:flutter_inappwebview_android] AndroidManifest.xml:38:9-41:40
281            android:name="com.pichillilorenzo.flutter_inappwebview_android.chrome_custom_tabs.ActionBroadcastReceiver"
281-->[:flutter_inappwebview_android] AndroidManifest.xml:39:13-119
282            android:enabled="true"
282-->[:flutter_inappwebview_android] AndroidManifest.xml:40:13-35
283            android:exported="false" />
283-->[:flutter_inappwebview_android] AndroidManifest.xml:41:13-37
284
285        <meta-data
285-->[:flutter_inappwebview_android] AndroidManifest.xml:43:9-45:36
286            android:name="io.flutter.embedded_views_preview"
286-->[:flutter_inappwebview_android] AndroidManifest.xml:44:13-61
287            android:value="true" />
287-->[:flutter_inappwebview_android] AndroidManifest.xml:45:13-33
288
289        <service
289-->[:geolocator_android] AndroidManifest.xml:8:9-12:56
290            android:name="com.baseflow.geolocator.GeolocatorLocationService"
290-->[:geolocator_android] AndroidManifest.xml:9:13-77
291            android:enabled="true"
291-->[:geolocator_android] AndroidManifest.xml:10:13-35
292            android:exported="false"
292-->[:geolocator_android] AndroidManifest.xml:11:13-37
293            android:foregroundServiceType="location" />
293-->[:geolocator_android] AndroidManifest.xml:12:13-53
294
295        <provider
295-->[:image_picker_android] AndroidManifest.xml:9:9-17:20
296            android:name="io.flutter.plugins.imagepicker.ImagePickerFileProvider"
296-->[:image_picker_android] AndroidManifest.xml:10:13-82
297            android:authorities="com.sixamtech.stackfooduser.flutter.image_provider"
297-->[:image_picker_android] AndroidManifest.xml:11:13-74
298            android:exported="false"
298-->[:image_picker_android] AndroidManifest.xml:12:13-37
299            android:grantUriPermissions="true" >
299-->[:image_picker_android] AndroidManifest.xml:13:13-47
300            <meta-data
300-->[:share_plus] AndroidManifest.xml:18:13-20:68
301                android:name="android.support.FILE_PROVIDER_PATHS"
301-->[:share_plus] AndroidManifest.xml:19:17-67
302                android:resource="@xml/flutter_image_picker_file_paths" />
302-->[:share_plus] AndroidManifest.xml:20:17-65
303        </provider> <!-- Trigger Google Play services to install the backported photo picker module. -->
304        <service
304-->[:image_picker_android] AndroidManifest.xml:19:9-31:19
305            android:name="com.google.android.gms.metadata.ModuleDependencies"
305-->[:image_picker_android] AndroidManifest.xml:20:13-78
306            android:enabled="false"
306-->[:image_picker_android] AndroidManifest.xml:21:13-36
307            android:exported="false" >
307-->[:image_picker_android] AndroidManifest.xml:22:13-37
308            <intent-filter>
308-->[:image_picker_android] AndroidManifest.xml:24:13-26:29
309                <action android:name="com.google.android.gms.metadata.MODULE_DEPENDENCIES" />
309-->[:image_picker_android] AndroidManifest.xml:25:17-94
309-->[:image_picker_android] AndroidManifest.xml:25:25-91
310            </intent-filter>
311
312            <meta-data
312-->[:image_picker_android] AndroidManifest.xml:28:13-30:36
313                android:name="photopicker_activity:0:required"
313-->[:image_picker_android] AndroidManifest.xml:29:17-63
314                android:value="" />
314-->[:image_picker_android] AndroidManifest.xml:30:17-33
315        </service>
316
317        <activity
317-->[:url_launcher_android] AndroidManifest.xml:8:9-11:74
318            android:name="io.flutter.plugins.urllauncher.WebViewActivity"
318-->[:url_launcher_android] AndroidManifest.xml:9:13-74
319            android:exported="false"